[debug] [2022-05-08T11:10:49.527Z] ----------------------------------------------------------------------
[debug] [2022-05-08T11:10:49.532Z] Command:       C:\Program Files\nodejs\node.exe C:\Users\jamia\AppData\Roaming\npm\node_modules\firebase-tools\lib\bin\firebase.js deploy
[debug] [2022-05-08T11:10:49.533Z] CLI Version:   10.7.2
[debug] [2022-05-08T11:10:49.533Z] Platform:      win32
[debug] [2022-05-08T11:10:49.533Z] Node Version:  v17.9.0
[debug] [2022-05-08T11:10:49.610Z] Time:          Sun May 08 2022 17:10:49 GMT+0600 (Bangladesh Standard Time)
[debug] [2022-05-08T11:10:49.611Z] ----------------------------------------------------------------------
[debug] 
[debug] [2022-05-08T11:10:49.637Z] >>> [apiv2][query] GET https://firebase-public.firebaseio.com/cli.json [none]
[debug] [2022-05-08T11:10:49.924Z] > command requires scopes: ["email","openid","https://www.googleapis.com/auth/cloudplatformprojects.readonly","https://www.googleapis.com/auth/firebase","https://www.googleapis.com/auth/cloud-platform"]
[debug] [2022-05-08T11:10:49.924Z] > authorizing via signed-in user (numansaady@gmail.com)
[debug] [2022-05-08T11:10:49.925Z] [iam] checking project ns-perfume-center for permissions ["firebase.projects.get","firebasehosting.sites.update"]
[debug] [2022-05-08T11:10:49.926Z] > refreshing access token with scopes: []
[debug] [2022-05-08T11:10:49.926Z] >>> HTTP REQUEST POST https://www.googleapis.com/oauth2/v3/token  
 <request body omitted>
[debug] [2022-05-08T11:10:50.197Z] <<< HTTP RESPONSE 200 {"expires":"Mon, 01 Jan 1990 00:00:00 GMT","pragma":"no-cache","cache-control":"no-cache, no-store, max-age=0, must-revalidate","date":"Sun, 08 May 2022 11:10:53 GMT","content-type":"application/json; charset=utf-8","vary":"X-Origin, Referer, Origin,Accept-Encoding","server":"scaffolding on HTTPServer2","x-xss-protection":"0","x-frame-options":"SAMEORIGIN","x-content-type-options":"nosniff","alt-svc":"h3=\":443\"; ma=2592000,h3-29=\":443\"; ma=2592000,h3-Q050=\":443\"; ma=2592000,h3-Q046=\":443\"; ma=2592000,h3-Q043=\":443\"; ma=2592000,quic=\":443\"; ma=2592000; v=\"46,43\"","accept-ranges":"none","transfer-encoding":"chunked"}
[debug] [2022-05-08T11:10:50.352Z] >>> [apiv2][query] POST https://cloudresourcemanager.googleapis.com/v1/projects/ns-perfume-center:testIamPermissions [none]
[debug] [2022-05-08T11:10:50.353Z] >>> [apiv2][body] POST https://cloudresourcemanager.googleapis.com/v1/projects/ns-perfume-center:testIamPermissions {"permissions":["firebase.projects.get","firebasehosting.sites.update"]}
[debug] [2022-05-08T11:10:50.916Z] <<< [apiv2][status] GET https://firebase-public.firebaseio.com/cli.json 200
[debug] [2022-05-08T11:10:50.916Z] <<< [apiv2][body] GET https://firebase-public.firebaseio.com/cli.json {"cloudBuildErrorAfter":1594252800000,"cloudBuildWarnAfter":1590019200000,"defaultNode10After":1594252800000,"minVersion":"3.0.5","node8DeploysDisabledAfter":1613390400000,"node8RuntimeDisabledAfter":1615809600000,"node8WarnAfter":1600128000000}
[debug] [2022-05-08T11:10:51.728Z] <<< [apiv2][status] POST https://cloudresourcemanager.googleapis.com/v1/projects/ns-perfume-center:testIamPermissions 200
[debug] [2022-05-08T11:10:51.729Z] <<< [apiv2][body] POST https://cloudresourcemanager.googleapis.com/v1/projects/ns-perfume-center:testIamPermissions {"permissions":["firebase.projects.get","firebasehosting.sites.update"]}
[debug] [2022-05-08T11:10:51.732Z] >>> [apiv2][query] GET https://firebase.googleapis.com/v1beta1/projects/ns-perfume-center [none]
[debug] [2022-05-08T11:10:52.234Z] <<< [apiv2][status] GET https://firebase.googleapis.com/v1beta1/projects/ns-perfume-center 200
[debug] [2022-05-08T11:10:52.234Z] <<< [apiv2][body] GET https://firebase.googleapis.com/v1beta1/projects/ns-perfume-center {"projectId":"ns-perfume-center","projectNumber":"20019694973","displayName":"ns-perfume-center","name":"projects/ns-perfume-center","resources":{"hostingSite":"ns-perfume-center"},"state":"ACTIVE"}
[info] 
[info] === Deploying to 'ns-perfume-center'...
[info] 
[info] i  deploying hosting 
[debug] [2022-05-08T11:10:52.241Z] >>> [apiv2][query] GET https://firebase.googleapis.com/v1beta1/projects/ns-perfume-center [none]
[debug] [2022-05-08T11:10:52.697Z] <<< [apiv2][status] GET https://firebase.googleapis.com/v1beta1/projects/ns-perfume-center 200
[debug] [2022-05-08T11:10:52.697Z] <<< [apiv2][body] GET https://firebase.googleapis.com/v1beta1/projects/ns-perfume-center {"projectId":"ns-perfume-center","projectNumber":"20019694973","displayName":"ns-perfume-center","name":"projects/ns-perfume-center","resources":{"hostingSite":"ns-perfume-center"},"state":"ACTIVE"}
[debug] [2022-05-08T11:10:52.700Z] >>> [apiv2][query] POST https://firebasehosting.googleapis.com/v1beta1/projects/20019694973/sites/ns-perfume-center/versions [none]
[debug] [2022-05-08T11:10:52.700Z] >>> [apiv2][body] POST https://firebasehosting.googleapis.com/v1beta1/projects/20019694973/sites/ns-perfume-center/versions {"config":{"rewrites":[{"glob":"**","path":"/index.html"}]},"labels":{"deployment-tool":"cli-firebase"}}
[debug] [2022-05-08T11:10:54.393Z] <<< [apiv2][status] POST https://firebasehosting.googleapis.com/v1beta1/projects/20019694973/sites/ns-perfume-center/versions 200
[debug] [2022-05-08T11:10:54.393Z] <<< [apiv2][body] POST https://firebasehosting.googleapis.com/v1beta1/projects/20019694973/sites/ns-perfume-center/versions {"name":"projects/20019694973/sites/ns-perfume-center/versions/b18c33dcb45f8614","status":"CREATED","config":{"rewrites":[{"glob":"**","path":"/index.html"}]},"labels":{"deployment-tool":"cli-firebase"}}
[info] i  hosting[ns-perfume-center]: beginning deploy... 
[info] i  hosting[ns-perfume-center]: found 22 files in build 
[debug] [2022-05-08T11:10:54.409Z] [hosting] uploading with 200 concurrency
[debug] [2022-05-08T11:10:54.902Z] [hosting] hash cache [YnVpbGQ] stored for 22 files
[debug] [2022-05-08T11:10:54.902Z] [hosting][hash queue][FINAL] {"max":452,"min":134,"avg":184.5909090909091,"active":0,"complete":22,"success":22,"errored":0,"retried":0,"total":22,"elapsed":462}
[debug] [2022-05-08T11:10:54.903Z] >>> [apiv2][query] POST https://firebasehosting.googleapis.com/v1beta1/projects/20019694973/sites/ns-perfume-center/versions/b18c33dcb45f8614:populateFiles [none]
[debug] [2022-05-08T11:10:54.903Z] >>> [apiv2][body] POST https://firebasehosting.googleapis.com/v1beta1/projects/20019694973/sites/ns-perfume-center/versions/b18c33dcb45f8614:populateFiles {"files":{"/index.html":"6db4689b904bfb55dff7b4dbaf1a28d1cc48a23d2e45cab8489a97101f211cbf","/asset-manifest.json":"391ae70dcbd3777c50f25db793a9dc970f3527dbd5b59f3b77fe66c1ba1a2d03","/manifest.json":"aff3449bdc238776f5d6d967f19ec491b36aed5fb7f23ccff6500736fd58494a","/robots.txt":"bfe106a3fb878dc83461c86818bf74fc1bdc7f28538ba613cd3e775516ce8b49","/logo192.png":"3ee59515172ee198f3be375979df15ac5345183e656720a381b8872b2a39dc8b","/logo512.png":"ee7e2f3fdb8209c4b6fd7bef6ba50d1b9dba30a25bb5c3126df057e1cb6f5331","/static/js/787.9d73a8a0.chunk.js":"5c3133397ab5dc7992b159438576a0756a1d3380e99b276fac9b49336799c4dc","/favicon.ico":"ebafd1c81a32a5e1234a7a83d33b7897d02a0605c903a3d7ef3acae2fbab10d1","/static/js/main.5e7b7c67.js.LICENSE.txt":"d59f343038ca8078df2839431b7009ea0518e4ed8a1f8edd0914c6a3d3bccf48","/static/js/787.9d73a8a0.chunk.js.map":"63b471d2f87af6bee0ee173e59a83b8ed7619b5679ba09206879fdd79d89ca6a","/static/media/exprt-turial-ico3.2962ef0a2db17d4b5070.png":"4bce10b95f9ba160b15d0514cd4587c3f96509be0fa93a330bd51bf8a1ef549f","/static/media/exprt-turial-ico1.ddc45df1da9eea22008d.png":"46fcd0438931551f4ec6ee496fdc73d891044ea4caf2fb57c3fd2ad8eb396262","/static/media/exprt-turial-ico2.bea138bd3fccd638d751.png":"633113afc66e4ecc05250989bfa0d747ae8fc58e95caacded19c4887b45268ae","/static/media/exprt-turial-ico4.358f9ca25e648e8707c2.png":"d5f463138d3ffbb741802b41482b4d170bdbe1ba92fa314374e5eb90646deae4","/static/css/main.5ae00ad4.css":"e676337c72828fa139c7a12bcbf012187303b30ee523b82b16416f4029a90c55","/static/media/banner-1.720eb4943d6a4bd7562d.jpg":"9439717b6bb595740cecee8eed559b68ff69ed4ed6041eea1a5234faac761d38","/static/css/main.5ae00ad4.css.map":"19447c5fb431f5f9b2cf7ec04b015bc7cb031b4f95e2d4f74b90c99a45424e68","/static/js/main.5e7b7c67.js":"7536c9387208643c5bc7a11e7f2107dc3a3a457a344c83204f23f61595a42454","/static/media/banner-3.20e7175acdbc249ccd7c.jpg":"61b8a1186e082567abfe3024703054dba2467e54677d335d092fa7a7c29d1184","/static/media/banner-4.fc4b54c20742086711c3.jpg":"67ef8e9fcd7c6097e3288ed8ae3595f28508d45d6ab592cc9edf9ae08526c57e","/static/media/banner-2.c95a002e5c17d138b8d6.jpg":"5d85e24192193d1238d6bacc483bd31896e6dfd4107a34381709c7a308d604b7","/static/js/main.5e7b7c67.js.map":"8ad80ab0bf41a2630daed566fa24966cfa87180745cdfa151c0ca5e1ea420f37"}}
[debug] [2022-05-08T11:10:56.403Z] <<< [apiv2][status] POST https://firebasehosting.googleapis.com/v1beta1/projects/20019694973/sites/ns-perfume-center/versions/b18c33dcb45f8614:populateFiles 200
[debug] [2022-05-08T11:10:56.404Z] <<< [apiv2][body] POST https://firebasehosting.googleapis.com/v1beta1/projects/20019694973/sites/ns-perfume-center/versions/b18c33dcb45f8614:populateFiles {"uploadRequiredHashes":["391ae70dcbd3777c50f25db793a9dc970f3527dbd5b59f3b77fe66c1ba1a2d03","e676337c72828fa139c7a12bcbf012187303b30ee523b82b16416f4029a90c55","7536c9387208643c5bc7a11e7f2107dc3a3a457a344c83204f23f61595a42454","ebafd1c81a32a5e1234a7a83d33b7897d02a0605c903a3d7ef3acae2fbab10d1","8ad80ab0bf41a2630daed566fa24966cfa87180745cdfa151c0ca5e1ea420f37","6db4689b904bfb55dff7b4dbaf1a28d1cc48a23d2e45cab8489a97101f211cbf","19447c5fb431f5f9b2cf7ec04b015bc7cb031b4f95e2d4f74b90c99a45424e68"],"uploadUrl":"https://upload-firebasehosting.googleapis.com/upload/sites/ns-perfume-center/versions/b18c33dcb45f8614/files"}
[debug] [2022-05-08T11:10:56.408Z] >>> [apiv2][query] POST https://upload-firebasehosting.googleapis.com/upload/sites/ns-perfume-center/versions/b18c33dcb45f8614/files/391ae70dcbd3777c50f25db793a9dc970f3527dbd5b59f3b77fe66c1ba1a2d03 [none]
[debug] [2022-05-08T11:10:56.408Z] >>> [apiv2][body] POST https://upload-firebasehosting.googleapis.com/upload/sites/ns-perfume-center/versions/b18c33dcb45f8614/files/391ae70dcbd3777c50f25db793a9dc970f3527dbd5b59f3b77fe66c1ba1a2d03 [stream]
[debug] [2022-05-08T11:10:56.414Z] >>> [apiv2][query] POST https://upload-firebasehosting.googleapis.com/upload/sites/ns-perfume-center/versions/b18c33dcb45f8614/files/e676337c72828fa139c7a12bcbf012187303b30ee523b82b16416f4029a90c55 [none]
[debug] [2022-05-08T11:10:56.414Z] >>> [apiv2][body] POST https://upload-firebasehosting.googleapis.com/upload/sites/ns-perfume-center/versions/b18c33dcb45f8614/files/e676337c72828fa139c7a12bcbf012187303b30ee523b82b16416f4029a90c55 [stream]
[debug] [2022-05-08T11:10:56.419Z] >>> [apiv2][query] POST https://upload-firebasehosting.googleapis.com/upload/sites/ns-perfume-center/versions/b18c33dcb45f8614/files/7536c9387208643c5bc7a11e7f2107dc3a3a457a344c83204f23f61595a42454 [none]
[debug] [2022-05-08T11:10:56.419Z] >>> [apiv2][body] POST https://upload-firebasehosting.googleapis.com/upload/sites/ns-perfume-center/versions/b18c33dcb45f8614/files/7536c9387208643c5bc7a11e7f2107dc3a3a457a344c83204f23f61595a42454 [stream]
[debug] [2022-05-08T11:10:56.424Z] >>> [apiv2][query] POST https://upload-firebasehosting.googleapis.com/upload/sites/ns-perfume-center/versions/b18c33dcb45f8614/files/ebafd1c81a32a5e1234a7a83d33b7897d02a0605c903a3d7ef3acae2fbab10d1 [none]
[debug] [2022-05-08T11:10:56.424Z] >>> [apiv2][body] POST https://upload-firebasehosting.googleapis.com/upload/sites/ns-perfume-center/versions/b18c33dcb45f8614/files/ebafd1c81a32a5e1234a7a83d33b7897d02a0605c903a3d7ef3acae2fbab10d1 [stream]
[debug] [2022-05-08T11:10:56.429Z] >>> [apiv2][query] POST https://upload-firebasehosting.googleapis.com/upload/sites/ns-perfume-center/versions/b18c33dcb45f8614/files/8ad80ab0bf41a2630daed566fa24966cfa87180745cdfa151c0ca5e1ea420f37 [none]
[debug] [2022-05-08T11:10:56.429Z] >>> [apiv2][body] POST https://upload-firebasehosting.googleapis.com/upload/sites/ns-perfume-center/versions/b18c33dcb45f8614/files/8ad80ab0bf41a2630daed566fa24966cfa87180745cdfa151c0ca5e1ea420f37 [stream]
[debug] [2022-05-08T11:10:56.434Z] >>> [apiv2][query] POST https://upload-firebasehosting.googleapis.com/upload/sites/ns-perfume-center/versions/b18c33dcb45f8614/files/6db4689b904bfb55dff7b4dbaf1a28d1cc48a23d2e45cab8489a97101f211cbf [none]
[debug] [2022-05-08T11:10:56.434Z] >>> [apiv2][body] POST https://upload-firebasehosting.googleapis.com/upload/sites/ns-perfume-center/versions/b18c33dcb45f8614/files/6db4689b904bfb55dff7b4dbaf1a28d1cc48a23d2e45cab8489a97101f211cbf [stream]
[debug] [2022-05-08T11:10:56.439Z] >>> [apiv2][query] POST https://upload-firebasehosting.googleapis.com/upload/sites/ns-perfume-center/versions/b18c33dcb45f8614/files/19447c5fb431f5f9b2cf7ec04b015bc7cb031b4f95e2d4f74b90c99a45424e68 [none]
[debug] [2022-05-08T11:10:56.439Z] >>> [apiv2][body] POST https://upload-firebasehosting.googleapis.com/upload/sites/ns-perfume-center/versions/b18c33dcb45f8614/files/19447c5fb431f5f9b2cf7ec04b015bc7cb031b4f95e2d4f74b90c99a45424e68 [stream]
[debug] [2022-05-08T11:10:56.444Z] [hosting][populate queue][FINAL] {"max":1507,"min":1507,"avg":1507,"active":0,"complete":1,"success":1,"errored":0,"retried":0,"total":1,"elapsed":1544}
[debug] [2022-05-08T11:10:56.444Z] [hosting] uploads queued: 7
[debug] [2022-05-08T11:10:58.113Z] <<< [apiv2][status] POST https://upload-firebasehosting.googleapis.com/upload/sites/ns-perfume-center/versions/b18c33dcb45f8614/files/e676337c72828fa139c7a12bcbf012187303b30ee523b82b16416f4029a90c55 200
[debug] [2022-05-08T11:10:58.113Z] <<< [apiv2][body] POST https://upload-firebasehosting.googleapis.com/upload/sites/ns-perfume-center/versions/b18c33dcb45f8614/files/e676337c72828fa139c7a12bcbf012187303b30ee523b82b16416f4029a90c55 [stream]
[debug] [2022-05-08T11:10:58.187Z] <<< [apiv2][status] POST https://upload-firebasehosting.googleapis.com/upload/sites/ns-perfume-center/versions/b18c33dcb45f8614/files/391ae70dcbd3777c50f25db793a9dc970f3527dbd5b59f3b77fe66c1ba1a2d03 200
[debug] [2022-05-08T11:10:58.188Z] <<< [apiv2][body] POST https://upload-firebasehosting.googleapis.com/upload/sites/ns-perfume-center/versions/b18c33dcb45f8614/files/391ae70dcbd3777c50f25db793a9dc970f3527dbd5b59f3b77fe66c1ba1a2d03 [stream]
[debug] [2022-05-08T11:10:58.310Z] <<< [apiv2][status] POST https://upload-firebasehosting.googleapis.com/upload/sites/ns-perfume-center/versions/b18c33dcb45f8614/files/7536c9387208643c5bc7a11e7f2107dc3a3a457a344c83204f23f61595a42454 200
[debug] [2022-05-08T11:10:58.311Z] <<< [apiv2][body] POST https://upload-firebasehosting.googleapis.com/upload/sites/ns-perfume-center/versions/b18c33dcb45f8614/files/7536c9387208643c5bc7a11e7f2107dc3a3a457a344c83204f23f61595a42454 [stream]
[debug] [2022-05-08T11:10:58.392Z] <<< [apiv2][status] POST https://upload-firebasehosting.googleapis.com/upload/sites/ns-perfume-center/versions/b18c33dcb45f8614/files/19447c5fb431f5f9b2cf7ec04b015bc7cb031b4f95e2d4f74b90c99a45424e68 200
[debug] [2022-05-08T11:10:58.392Z] <<< [apiv2][body] POST https://upload-firebasehosting.googleapis.com/upload/sites/ns-perfume-center/versions/b18c33dcb45f8614/files/19447c5fb431f5f9b2cf7ec04b015bc7cb031b4f95e2d4f74b90c99a45424e68 [stream]
[debug] [2022-05-08T11:10:58.412Z] <<< [apiv2][status] POST https://upload-firebasehosting.googleapis.com/upload/sites/ns-perfume-center/versions/b18c33dcb45f8614/files/ebafd1c81a32a5e1234a7a83d33b7897d02a0605c903a3d7ef3acae2fbab10d1 200
[debug] [2022-05-08T11:10:58.412Z] <<< [apiv2][body] POST https://upload-firebasehosting.googleapis.com/upload/sites/ns-perfume-center/versions/b18c33dcb45f8614/files/ebafd1c81a32a5e1234a7a83d33b7897d02a0605c903a3d7ef3acae2fbab10d1 [stream]
[debug] [2022-05-08T11:10:59.036Z] <<< [apiv2][status] POST https://upload-firebasehosting.googleapis.com/upload/sites/ns-perfume-center/versions/b18c33dcb45f8614/files/6db4689b904bfb55dff7b4dbaf1a28d1cc48a23d2e45cab8489a97101f211cbf 200
[debug] [2022-05-08T11:10:59.036Z] <<< [apiv2][body] POST https://upload-firebasehosting.googleapis.com/upload/sites/ns-perfume-center/versions/b18c33dcb45f8614/files/6db4689b904bfb55dff7b4dbaf1a28d1cc48a23d2e45cab8489a97101f211cbf [stream]
[debug] [2022-05-08T11:10:59.463Z] <<< [apiv2][status] POST https://upload-firebasehosting.googleapis.com/upload/sites/ns-perfume-center/versions/b18c33dcb45f8614/files/8ad80ab0bf41a2630daed566fa24966cfa87180745cdfa151c0ca5e1ea420f37 200
[debug] [2022-05-08T11:10:59.463Z] <<< [apiv2][body] POST https://upload-firebasehosting.googleapis.com/upload/sites/ns-perfume-center/versions/b18c33dcb45f8614/files/8ad80ab0bf41a2630daed566fa24966cfa87180745cdfa151c0ca5e1ea420f37 [stream]
[debug] [2022-05-08T11:10:59.463Z] [hosting][upload queue][FINAL] {"max":3057,"min":1708,"avg":2153.8571428571427,"active":0,"complete":7,"success":7,"errored":0,"retried":0,"total":7,"elapsed":3059}
[info] +  hosting[ns-perfume-center]: file upload complete 
[debug] [2022-05-08T11:10:59.465Z] [hosting] deploy completed after 5070ms
[debug] [2022-05-08T11:10:59.476Z] [
  {
    "config": {
      "public": "build",
      "ignore": [
        "firebase.json",
        "**/.*",
        "**/node_modules/**"
      ],
      "rewrites": [
        {
          "source": "**",
          "destination": "/index.html"
        }
      ],
      "site": "ns-perfume-center"
    },
    "site": "ns-perfume-center",
    "version": "projects/20019694973/sites/ns-perfume-center/versions/b18c33dcb45f8614"
  }
]
[info] i  hosting[ns-perfume-center]: finalizing version... 
[debug] [2022-05-08T11:10:59.478Z] >>> [apiv2][query] PATCH https://firebasehosting.googleapis.com/v1beta1/projects/20019694973/sites/ns-perfume-center/versions/b18c33dcb45f8614 updateMask=status%2Cconfig
[debug] [2022-05-08T11:10:59.478Z] >>> [apiv2][body] PATCH https://firebasehosting.googleapis.com/v1beta1/projects/20019694973/sites/ns-perfume-center/versions/b18c33dcb45f8614 {"status":"FINALIZED","config":{"rewrites":[{"glob":"**","path":"/index.html"}]}}
[debug] [2022-05-08T11:11:00.901Z] <<< [apiv2][status] PATCH https://firebasehosting.googleapis.com/v1beta1/projects/20019694973/sites/ns-perfume-center/versions/b18c33dcb45f8614 200
[debug] [2022-05-08T11:11:00.901Z] <<< [apiv2][body] PATCH https://firebasehosting.googleapis.com/v1beta1/projects/20019694973/sites/ns-perfume-center/versions/b18c33dcb45f8614 {"name":"projects/20019694973/sites/ns-perfume-center/versions/b18c33dcb45f8614","status":"FINALIZED","config":{"rewrites":[{"glob":"**","path":"/index.html"}]},"labels":{"deployment-tool":"cli-firebase"},"createTime":"2022-05-08T11:10:57.416653Z","createUser":{"email":"numansaady@gmail.com"},"finalizeTime":"2022-05-08T11:11:04.190451Z","finalizeUser":{"email":"numansaady@gmail.com"}}
[debug] [2022-05-08T11:11:00.901Z] [hosting] finalized version for ns-perfume-center:[object Object]
[info] +  hosting[ns-perfume-center]: version finalized 
[info] i  hosting[ns-perfume-center]: releasing new version... 
[debug] [2022-05-08T11:11:00.904Z] >>> [apiv2][query] POST https://firebasehosting.googleapis.com/v1beta1/projects/20019694973/sites/ns-perfume-center/releases versionName=projects%2F20019694973%2Fsites%2Fns-perfume-center%2Fversions%2Fb18c33dcb45f8614
[debug] [2022-05-08T11:11:00.904Z] >>> [apiv2][body] POST https://firebasehosting.googleapis.com/v1beta1/projects/20019694973/sites/ns-perfume-center/releases {"message":null}
[debug] [2022-05-08T11:11:02.348Z] <<< [apiv2][status] POST https://firebasehosting.googleapis.com/v1beta1/projects/20019694973/sites/ns-perfume-center/releases 200
[debug] [2022-05-08T11:11:02.349Z] <<< [apiv2][body] POST https://firebasehosting.googleapis.com/v1beta1/projects/20019694973/sites/ns-perfume-center/releases {"name":"projects/20019694973/sites/ns-perfume-center/releases/1652008265082070","version":{"name":"projects/20019694973/sites/ns-perfume-center/versions/b18c33dcb45f8614","status":"FINALIZED","config":{"rewrites":[{"glob":"**","path":"/index.html"}]},"labels":{"deployment-tool":"cli-firebase"},"createTime":"2022-05-08T11:10:57.416653Z","createUser":{"email":"numansaady@gmail.com","imageUrl":"https://lh3.googleusercontent.com/a-/AOh14Gjs4ze3A9lNbuOmrbxjnZHQKYlfpyUJoUkXupXC"},"finalizeTime":"2022-05-08T11:11:04.190451Z","finalizeUser":{"email":"numansaady@gmail.com","imageUrl":"https://lh3.googleusercontent.com/a-/AOh14Gjs4ze3A9lNbuOmrbxjnZHQKYlfpyUJoUkXupXC"}},"type":"DEPLOY","releaseTime":"2022-05-08T11:11:05.082070156Z","releaseUser":{"email":"numansaady@gmail.com","imageUrl":"https://lh3.googleusercontent.com/a-/AOh14Gjs4ze3A9lNbuOmrbxjnZHQKYlfpyUJoUkXupXC"}}
[debug] [2022-05-08T11:11:02.349Z] [hosting] release: {"name":"projects/20019694973/sites/ns-perfume-center/releases/1652008265082070","version":{"name":"projects/20019694973/sites/ns-perfume-center/versions/b18c33dcb45f8614","status":"FINALIZED","config":{"rewrites":[{"glob":"**","path":"/index.html"}]},"labels":{"deployment-tool":"cli-firebase"},"createTime":"2022-05-08T11:10:57.416653Z","createUser":{"email":"numansaady@gmail.com","imageUrl":"https://lh3.googleusercontent.com/a-/AOh14Gjs4ze3A9lNbuOmrbxjnZHQKYlfpyUJoUkXupXC"},"finalizeTime":"2022-05-08T11:11:04.190451Z","finalizeUser":{"email":"numansaady@gmail.com","imageUrl":"https://lh3.googleusercontent.com/a-/AOh14Gjs4ze3A9lNbuOmrbxjnZHQKYlfpyUJoUkXupXC"}},"type":"DEPLOY","releaseTime":"2022-05-08T11:11:05.082070156Z","releaseUser":{"email":"numansaady@gmail.com","imageUrl":"https://lh3.googleusercontent.com/a-/AOh14Gjs4ze3A9lNbuOmrbxjnZHQKYlfpyUJoUkXupXC"}}
[info] +  hosting[ns-perfume-center]: release complete 
